\BOOKMARK [0][-]{chapter.1}{Priprema}{}% 1
\BOOKMARK [1][-]{section.1.1}{Definisanje problema}{chapter.1}% 2
\BOOKMARK [1][-]{section.1.2}{Plana izrade projekta}{chapter.1}% 3
\BOOKMARK [2][-]{subsection.1.2.1}{Merenje temperature i regulacija}{section.1.2}% 4
\BOOKMARK [2][-]{subsection.1.2.2}{Merenje vla\236nosti zemlje i ambijenta}{section.1.2}% 5
\BOOKMARK [2][-]{subsection.1.2.3}{Regulacija svetlosnog ciklusa}{section.1.2}% 6
\BOOKMARK [2][-]{subsection.1.2.4}{Regulacija rada ventilatora}{section.1.2}% 7
\BOOKMARK [2][-]{subsection.1.2.5}{Zalivanje biljke}{section.1.2}% 8
\BOOKMARK [2][-]{subsection.1.2.6}{Logovanje}{section.1.2}% 9
\BOOKMARK [1][-]{section.1.3}{Hardvesrki dizajn}{chapter.1}% 10
\BOOKMARK [1][-]{section.1.4}{Softverski dizajn}{chapter.1}% 11
\BOOKMARK [2][-]{subsection.1.4.1}{Pokretanje i princip rada}{section.1.4}% 12
\BOOKMARK [2][-]{subsection.1.4.2}{Temperatura}{section.1.4}% 13
\BOOKMARK [2][-]{subsection.1.4.3}{Vlaga zemlje}{section.1.4}% 14
\BOOKMARK [2][-]{subsection.1.4.4}{Obrada ucitanih vrednosti}{section.1.4}% 15
\BOOKMARK [2][-]{subsection.1.4.5}{Ispis na ekran}{section.1.4}% 16
\BOOKMARK [0][-]{chapter.2}{Izgradnja modela}{}% 17
\BOOKMARK [1][-]{section.2.1}{Konceptualizacija modela}{chapter.2}% 18
\BOOKMARK [1][-]{section.2.2}{Kolekcija podataka}{chapter.2}% 19
\BOOKMARK [2][-]{subsection.2.2.1}{Regulacija temperature}{section.2.2}% 20
\BOOKMARK [2][-]{subsection.2.2.2}{Regulacija zalivanja}{section.2.2}% 21
\BOOKMARK [2][-]{subsection.2.2.3}{Regulacija svetlosnog ciklusa}{section.2.2}% 22
\BOOKMARK [1][-]{section.2.3}{Prevodjenje modela}{chapter.2}% 23
\BOOKMARK [1][-]{section.2.4}{Verifikacija}{chapter.2}% 24
\BOOKMARK [1][-]{section.2.5}{Validacija}{chapter.2}% 25
\BOOKMARK [0][-]{chapter.3}{Izvr\235avanje simulacije}{}% 26
\BOOKMARK [1][-]{section.3.1}{Dizajn eksperimenta}{chapter.3}% 27
\BOOKMARK [1][-]{section.3.2}{Izvr\235avanje i analiza}{chapter.3}% 28
\BOOKMARK [1][-]{section.3.3}{Dodatna izvr\235avanja}{chapter.3}% 29
\BOOKMARK [0][-]{chapter.4}{Implementacija}{}% 30
\BOOKMARK [1][-]{section.4.1}{Dokumentacija i izve\235taj}{chapter.4}% 31
\BOOKMARK [1][-]{section.4.2}{Implementacija}{chapter.4}% 32
