\BOOKMARK [0][-]{chapter.1}{Priprema}{}% 1
\BOOKMARK [1][-]{section.1.1}{Definisanje problema}{chapter.1}% 2
\BOOKMARK [1][-]{section.1.2}{Plana izrade projekta}{chapter.1}% 3
\BOOKMARK [2][-]{subsection.1.2.1}{Jedinica}{section.1.2}% 4
\BOOKMARK [2][-]{subsection.1.2.2}{Kontroler}{section.1.2}% 5
\BOOKMARK [2][-]{subsection.1.2.3}{Monitor}{section.1.2}% 6
\BOOKMARK [2][-]{subsection.1.2.4}{Merenje temperature i regulacija}{section.1.2}% 7
\BOOKMARK [2][-]{subsection.1.2.5}{Merenje vla\236nosti zemlje i ambijenta}{section.1.2}% 8
\BOOKMARK [2][-]{subsection.1.2.6}{Regulacija rada ventilatora}{section.1.2}% 9
\BOOKMARK [2][-]{subsection.1.2.7}{Svetlo i zagrevanje}{section.1.2}% 10
\BOOKMARK [2][-]{subsection.1.2.8}{Zalivanje biljke}{section.1.2}% 11
\BOOKMARK [2][-]{subsection.1.2.9}{Logovanje}{section.1.2}% 12
\BOOKMARK [1][-]{section.1.3}{Hardvesrki dizajn}{chapter.1}% 13
\BOOKMARK [1][-]{section.1.4}{Softverski dizajn}{chapter.1}% 14
\BOOKMARK [2][-]{subsection.1.4.1}{Pokretanje i princip rada}{section.1.4}% 15
\BOOKMARK [2][-]{subsection.1.4.2}{Temperatura}{section.1.4}% 16
\BOOKMARK [2][-]{subsection.1.4.3}{Vlaga zemlje}{section.1.4}% 17
\BOOKMARK [2][-]{subsection.1.4.4}{Obrada ucitanih vrednosti}{section.1.4}% 18
\BOOKMARK [2][-]{subsection.1.4.5}{Ispis na ekran}{section.1.4}% 19
\BOOKMARK [0][-]{chapter.2}{Izgradnja modela}{}% 20
\BOOKMARK [1][-]{section.2.1}{Konceptualizacija modela}{chapter.2}% 21
\BOOKMARK [1][-]{section.2.2}{Kolekcija podataka}{chapter.2}% 22
\BOOKMARK [2][-]{subsection.2.2.1}{Regulacija zalivanja - pilotni projekat}{section.2.2}% 23
\BOOKMARK [1][-]{section.2.3}{Prevodjenje modela}{chapter.2}% 24
\BOOKMARK [2][-]{subsection.2.3.1}{Definisanje parametara okru\236enja}{section.2.3}% 25
\BOOKMARK [2][-]{subsection.2.3.2}{Izrada logike}{section.2.3}% 26
\BOOKMARK [1][-]{section.2.4}{Verifikacija}{chapter.2}% 27
\BOOKMARK [2][-]{subsection.2.4.1}{Sistem za kontrolu ventilatora}{section.2.4}% 28
\BOOKMARK [2][-]{subsection.2.4.2}{Obracun gubitaka}{section.2.4}% 29
\BOOKMARK [1][-]{section.2.5}{Validacija}{chapter.2}% 30
\BOOKMARK [0][-]{chapter.3}{Izvr\235avanje simulacije}{}% 31
\BOOKMARK [1][-]{section.3.1}{Izvr\235avanje i analiza}{chapter.3}% 32
\BOOKMARK [1][-]{section.3.2}{Dodatno izvr\235avanje}{chapter.3}% 33
\BOOKMARK [2][-]{subsection.3.2.1}{Povecanje temperature}{section.3.2}% 34
\BOOKMARK [2][-]{subsection.3.2.2}{Smanjivanje temperature}{section.3.2}% 35
\BOOKMARK [0][-]{chapter.4}{Implementacija}{}% 36
\BOOKMARK [1][-]{section.4.1}{Dokumentacija hardvera}{chapter.4}% 37
\BOOKMARK [2][-]{subsection.4.1.1}{Izolacija}{section.4.1}% 38
\BOOKMARK [2][-]{subsection.4.1.2}{Elektricna kola}{section.4.1}% 39
\BOOKMARK [2][-]{subsection.4.1.3}{Pumpa za vodu}{section.4.1}% 40
\BOOKMARK [2][-]{subsection.4.1.4}{Zvucna izolacija}{section.4.1}% 41
\BOOKMARK [2][-]{subsection.4.1.5}{Pozicioniranje senzora temperature}{section.4.1}% 42
\BOOKMARK [2][-]{subsection.4.1.6}{Regulacija svetlosnog ciklusa}{section.4.1}% 43
\BOOKMARK [1][-]{section.4.2}{Dokumentacija softvera}{chapter.4}% 44
\BOOKMARK [2][-]{subsection.4.2.1}{Citanje vlage}{section.4.2}% 45
\BOOKMARK [2][-]{subsection.4.2.2}{Ispis na ekran}{section.4.2}% 46
